src/spider_cipher_facts.c 71: RandStats facts check [1;31mexcluded[0m.
src/spider_cipher_facts.c 181: FaceAndSuitNo facts check started
src/spider_cipher_facts.c 181: FaceAndSuitNo facts check ended
src/spider_cipher_facts.c 191: FaceFromNo facts check started
src/spider_cipher_facts.c 191: FaceFromNo facts check ended
src/spider_cipher_facts.c 204: SuitFromNo facts check started
src/spider_cipher_facts.c 204: SuitFromNo facts check ended
src/spider_cipher_facts.c 213: CardFromFaceSuitNo facts check started
src/spider_cipher_facts.c 213: CardFromFaceSuitNo facts check ended
src/spider_cipher_facts.c 224: Add facts check started
src/spider_cipher_facts.c 224: Add facts check ended
src/spider_cipher_facts.c 236: Subtract facts check started
src/spider_cipher_facts.c 236: Subtract facts check ended
src/spider_cipher_facts.c 248: Init facts check started
src/spider_cipher_facts.c 248: Init facts check ended
src/spider_cipher_facts.c 256: Cut facts check started
src/spider_cipher_facts.c 256: Cut facts check ended
src/spider_cipher_facts.c 268: BackFrontShuffle facts check started
src/spider_cipher_facts.c 268: BackFrontShuffle facts check ended
src/spider_cipher_facts.c 278: FindCard facts check started
src/spider_cipher_facts.c 278: FindCard facts check ended
src/spider_cipher_facts.c 289: PseudoShuffle facts check started
src/spider_cipher_facts.c 289: PseudoShuffle facts check ended
src/spider_cipher_facts.c 304: Pads facts check started
src/spider_cipher_facts.c 304: Pads facts check ended
src/spider_cipher_facts.c 325: Ciphers facts check started
src/spider_cipher_facts.c 325: Ciphers facts check ended
src/spider_cipher_facts.c 366: Encode facts check started
src/spider_cipher_facts.c 366: Encode facts check ended
src/spider_cipher_facts.c 394: Envelope facts check started
src/spider_cipher_facts.c 394: Envelope facts check ended
src/spider_cipher_facts.c 435: BackFrontUnshuffle facts check started
src/spider_cipher_facts.c 435: BackFrontUnshuffle facts check ended
src/spider_cipher_facts.c 455: P facts check started
src/spider_cipher_facts.c 455: P facts check ended
src/spider_cipher_facts.c 467: PReachable facts check started
src/spider_cipher_facts.c 467: PReachable facts check ended
src/spider_cipher_facts.c 485: I facts check started
src/spider_cipher_facts.c 485: I facts check ended
src/spider_cipher_facts.c 492: IReachable facts check started
src/spider_cipher_facts.c 492: IReachable facts check ended
src/spider_cipher_facts.c 515: Q facts check started
src/spider_cipher_facts.c 515: Q facts check ended
src/spider_cipher_facts.c 527: QReachable facts check started
src/spider_cipher_facts.c 527: QReachable facts check ended
src/spider_cipher_facts.c 551: T facts check started
src/spider_cipher_facts.c 551: T facts check ended
src/spider_cipher_facts.c 563: TReachable facts check started
src/spider_cipher_facts.c 563: TReachable facts check ended
src/spider_cipher_facts.c 589: R facts check started
src/spider_cipher_facts.c 589: R facts check ended
src/spider_cipher_facts.c 599: RReachable facts check started
src/spider_cipher_facts.c 599: RReachable facts check ended
src/spider_cipher_facts.c 625: X facts check started
src/spider_cipher_facts.c 625: X facts check ended
src/spider_cipher_facts.c 634: XReachable facts check started
src/spider_cipher_facts.c 634: XReachable facts check ended
src/spider_cipher_facts.c 656: B facts check started
src/spider_cipher_facts.c 656: B facts check ended
src/spider_cipher_facts.c 670: BReachable facts check started
src/spider_cipher_facts.c 670: BReachable facts check ended
src/spider_cipher_facts.c 700: S facts check started
src/spider_cipher_facts.c 700: S facts check ended
src/spider_cipher_facts.c 716: SReachable facts check started
src/spider_cipher_facts.c 716: SReachable facts check ended
src/spider_cipher_facts.c 771: Cycles facts check started
src/spider_cipher_facts.c 771: Cycles facts check ended
src/spider_cipher_facts.c 811: InverseCycles facts check started
src/spider_cipher_facts.c 811: InverseCycles facts check ended
src/spider_cipher_facts.c 875: PerfectHumanForm facts check started
src/spider_cipher_facts.c 875: PerfectHumanForm facts check ended
src/spider_cipher_facts.c 896: PerfectCuts facts check started
src/spider_cipher_facts.c 896: PerfectCuts facts check ended
src/spider_cipher_facts.c 913: PerfectFish facts check started
src/spider_cipher_facts.c 913: PerfectFish facts check ended
src/spider_cipher_facts.c 930: Perfect3Cycle facts check started
src/spider_cipher_facts.c 930: Perfect3Cycle facts check ended
src/spider_cipher_facts.c 1052: FirstLastFish facts check started
src/spider_cipher_facts.c 1052: FirstLastFish facts check ended
src/spider_cipher_facts.c 1061: FirstLastCuts facts check started
src/spider_cipher_facts.c 1061: FirstLastCuts facts check ended
src/spider_cipher_facts.c 1073: FirstLastAdjacent facts check started
src/spider_cipher_facts.c 1073: FirstLastAdjacent facts check ended
src/spider_cipher_facts.c 1085: FirstLastSwaps facts check started
src/spider_cipher_facts.c 1085: FirstLastSwaps facts check ended
src/spider_cipher_facts.c 1106: FirstLastCycleFloor facts check started
src/spider_cipher_facts.c 1106: FirstLastCycleFloor facts check ended
src/spider_cipher_facts.c 1197: ImperfectGirth facts check [1;31mexcluded[0m.
src/spider_cipher_facts.c 1284: Z facts check started
src/spider_cipher_facts.c 1284: Z facts check ended
src/spider_cipher_facts.c 1538: DeckSet facts check started
src/spider_cipher_facts.c 1538: DeckSet facts check ended
src/spider_cipher_facts.c 1708: Neighborhood4 facts check started
src/spider_cipher_facts.c 1708: Neighborhood4 facts check ended
src/spider_cipher_facts.c 1715: PerfectNeighborhood4 facts check started
src/spider_cipher_facts.c 1715: PerfectNeighborhood4 facts check ended
src/spider_cipher_facts.c 1724: Neighborhood6 facts check [1;31mexcluded[0m.
src/spider_cipher_facts.c 1733: PerfectNeighborhood6 facts check [1;31mexcluded[0m.
facts summary.
facts check FaceAndSuitNo [1;32mpassed[0m
facts check FaceFromNo [1;32mpassed[0m
facts check SuitFromNo [1;32mpassed[0m
facts check CardFromFaceSuitNo [1;32mpassed[0m
facts check Add [1;32mpassed[0m
facts check Subtract [1;32mpassed[0m
facts check Init [1;32mpassed[0m
facts check Cut [1;32mpassed[0m
facts check BackFrontShuffle [1;32mpassed[0m
facts check FindCard [1;32mpassed[0m
facts check PseudoShuffle [1;32mpassed[0m
facts check Pads [1;32mpassed[0m
facts check Ciphers [1;32mpassed[0m
facts check Encode [1;32mpassed[0m
facts check Envelope [1;32mpassed[0m
facts check BackFrontUnshuffle [1;32mpassed[0m
facts check P [1;32mpassed[0m
facts check PReachable [1;32mpassed[0m
facts check I [1;32mpassed[0m
facts check IReachable [1;32mpassed[0m
facts check Q [1;32mpassed[0m
facts check QReachable [1;32mpassed[0m
facts check T [1;32mpassed[0m
facts check TReachable [1;32mpassed[0m
facts check R [1;32mpassed[0m
facts check RReachable [1;32mpassed[0m
facts check X [1;32mpassed[0m
facts check XReachable [1;32mpassed[0m
facts check B [1;32mpassed[0m
facts check BReachable [1;32mpassed[0m
facts check S [1;32mpassed[0m
facts check SReachable [1;32mpassed[0m
facts check Cycles [1;32mpassed[0m
facts check InverseCycles [1;32mpassed[0m
facts check PerfectHumanForm [1;32mpassed[0m
facts check PerfectCuts [1;32mpassed[0m
facts check PerfectFish [1;32mpassed[0m
facts check Perfect3Cycle [1;32mpassed[0m
facts check FirstLastFish [1;32mpassed[0m
facts check FirstLastCuts [1;32mpassed[0m
facts check FirstLastAdjacent [1;32mpassed[0m
facts check FirstLastSwaps [1;32mpassed[0m
facts check FirstLastCycleFloor [1;32mpassed[0m
facts check Z [1;32mpassed[0m
facts check DeckSet [1;32mpassed[0m
facts check Neighborhood4 [1;32mpassed[0m
facts check PerfectNeighborhood4 [1;32mpassed[0m
facts check RandStats [1;31mexcluded[0m
facts check ImperfectGirth [1;31mexcluded[0m
facts check Neighborhood6 [1;31mexcluded[0m
facts check PerfectNeighborhood6 [1;31mexcluded[0m
320016185 (100.0%) truths and 0 (0.0%) fictions checked.
